\BOOKMARK [1][-]{section.1}{\376\377\000D\000N\000S}{}% 1
\BOOKMARK [2][-]{subsection.1.1}{\376\377\000L\000e\000\040\000p\000r\000o\000t\000o\000c\000o\000l\000e\000\040\000D\000N\000S\000\040\000e\000n\000\040\000d\000\351\000t\000a\000i\000l}{section.1}% 2
\BOOKMARK [2][-]{subsection.1.2}{\376\377\000L\000e\000s\000\040\000d\000\351\000t\000o\000u\000r\000n\000e\000m\000e\000n\000t\000s\000\040\000D\000N\000S}{section.1}% 3
\BOOKMARK [3][-]{subsubsection.1.2.1}{\376\377\000D\000N\000S\000\040\000H\000i\000j\000a\000c\000k\000i\000n\000g}{subsection.1.2}% 4
\BOOKMARK [3][-]{subsubsection.1.2.2}{\376\377\000M\000a\000n\000-\000i\000n\000-\000t\000h\000e\000-\000M\000i\000d\000d\000l\000e}{subsection.1.2}% 5
\BOOKMARK [3][-]{subsubsection.1.2.3}{\376\377\000E\000m\000p\000o\000i\000s\000o\000n\000n\000e\000m\000e\000n\000t\000\040\000d\000u\000\040\000c\000a\000c\000h\000e\000\040\000D\000N\000S\000\040\000\050\000D\000N\000S\000\040\000S\000p\000o\000o\000f\000i\000n\000g\000\051}{subsection.1.2}% 6
\BOOKMARK [3][-]{subsubsection.1.2.4}{\376\377\000D\000N\000S\000\040\000T\000u\000n\000n\000e\000l\000i\000n\000g}{subsection.1.2}% 7
\BOOKMARK [3][-]{subsubsection.1.2.5}{\376\377\000D\000\351\000n\000i\000\040\000d\000e\000\040\000s\000e\000r\000v\000i\000c\000e\000\040\000\050\000D\000D\000O\000S\000\051}{subsection.1.2}% 8
\BOOKMARK [3][-]{subsubsection.1.2.6}{\376\377\000I\000n\000t\000e\000r\000c\000e\000p\000t\000i\000o\000n\000\040\000d\000e\000s\000\040\000p\000a\000q\000u\000e\000t\000s}{subsection.1.2}% 9
\BOOKMARK [2][-]{subsection.1.3}{\376\377\000S\000o\000l\000u\000t\000i\000o\000n\000s\000\040\000a\000u\000x\000\040\000d\000i\000f\000f\000\351\000r\000e\000n\000t\000s\000\040\000t\000y\000p\000e\000s\000\040\000d\000'\000a\000t\000t\000a\000q\000u\000e\000s}{section.1}% 10
\BOOKMARK [2][-]{subsection.1.4}{\376\377\000E\000x\000e\000m\000p\000l\000e\000\040\000r\000\351\000e\000l\000\040\000d\000e\000\040\000d\000\351\000t\000o\000u\000r\000n\000e\000m\000e\000n\000t\000\040\000D\000N\000S}{section.1}% 11
\BOOKMARK [1][-]{section.2}{\376\377\000O\000p\000e\000n\000S\000S\000L\000\040\000\046\000\040\000C\000e\000r\000t\000i\000f\000i\000c\000a\000t\000i\000o\000n}{}% 12
\BOOKMARK [2][-]{subsection.2.1}{\376\377\000G\000\351\000n\000\351\000r\000a\000t\000i\000o\000n\000\040\000d\000u\000\040\000c\000e\000r\000t\000i\000f\000i\000c\000a\000t\000\040\000a\000u\000t\000o\000-\000s\000i\000g\000n\000\351}{section.2}% 13
\BOOKMARK [2][-]{subsection.2.2}{\376\377\000D\000\351\000t\000a\000i\000l\000s\000\040\000d\000u\000\040\000c\000e\000r\000t\000i\000f\000i\000c\000a\000t}{section.2}% 14
\BOOKMARK [2][-]{subsection.2.3}{\376\377\000C\000o\000m\000p\000a\000r\000a\000i\000s\000o\000n\000\040\000e\000n\000t\000r\000e\000\040\000d\000e\000u\000x\000\040\000c\000e\000r\000t\000i\000f\000i\000c\000a\000t\000s}{section.2}% 15
\BOOKMARK [1][-]{section.3}{\376\377\000R\000e\000c\000o\000m\000m\000a\000n\000d\000a\000t\000i\000o\000n\000s\000\040\000A\000N\000S\000S\000I\000\040\000s\000u\000r\000\040\000l\000'\000u\000t\000i\000l\000i\000s\000a\000t\000i\000o\000n\000\040\000d\000u\000\040\000p\000r\000o\000t\000o\000c\000o\000l\000e\000\040\000H\000T\000T\000P\000S}{}% 16
\BOOKMARK [2][-]{subsection.3.1}{\376\377\000E\000x\000p\000l\000i\000c\000a\000t\000i\000o\000n\000\040\000d\000e\000\040\000c\000e\000r\000t\000a\000i\000n\000e\000s\000\040\000n\000o\000t\000i\000o\000n\000s}{section.3}% 17
\BOOKMARK [2][-]{subsection.3.2}{\376\377\000L\000'\000H\000T\000T\000P\000\040\000S\000t\000r\000i\000c\000t\000\040\000T\000r\000a\000n\000s\000p\000o\000r\000t\000\040\000S\000e\000c\000u\000r\000i\000t\000y}{section.3}% 18
\BOOKMARK [2][-]{subsection.3.3}{\376\377\000C\000e\000r\000t\000i\000f\000i\000c\000a\000t\000e\000\040\000T\000r\000a\000n\000s\000p\000a\000r\000e\000n\000c\000y\000\040\000L\000o\000g\000s}{section.3}% 19
\BOOKMARK [1][-]{section.4}{\376\377\000R\000e\000s\000s\000o\000u\000r\000c\000e\000s\000\040\000u\000t\000i\000l\000i\000s\000\351\000e\000s}{}% 20
